[32056:54936:0329/191659.301:WARNING:chrome_main_delegate.cc(745)] This is Chrome version 128.0.6613.138 (not a warning)
[32056:42156:0329/191700.023:ERROR:google_update_settings.cc(265)] Failed opening key Software\Chromium to set usagestats; result: 5
[32056:54936:0329/191700.269:WARNING:account_consistency_mode_manager.cc(77)] Desktop Identity Consistency cannot be enabled as no OAuth client ID and client secret have been configured.
[32056:54936:0329/191708.145:WARNING:external_registry_loader_win.cc(232)] Error observing HKLM: 5
[53460:55880:0329/191714.231:ERROR:ssl_client_socket_impl.cc(882)] handshake failed; returned -1, SSL error code 1, net_error -100
[45756:47284:0329/191715.232:WARNING:frame_impl.cc(430)] virtual CefFrameImpl::SendProcessMessage sent to detached frame 5-08F074133183A14DA18F947C7FF56731 will be ignored
[32056:54936:0329/191722.561:ERROR:extension_registrar.cc(549)] Failed to unregister service worker for extension efaidnbmnnnibpcajpcglclefindmkaj
[53460:55880:0329/191724.233:ERROR:ssl_client_socket_impl.cc(882)] handshake failed; returned -1, SSL error code 1, net_error -100
[32056:54936:0329/191728.560:ERROR:device_event_log_impl.cc(196)] [19:17:28.439] USB: usb_service_win.cc:105 SetupDiGetDeviceProperty({{A45C254E-DF1C-4EFD-8020-67D146A850E0}, 6}) failed: Element not found. (0x490)
[53460:55880:0329/191734.231:ERROR:ssl_client_socket_impl.cc(882)] handshake failed; returned -1, SSL error code 1, net_error -100
[32056:54936:0329/191939.249:WARNING:page_discarding_helper.cc(138)] Discarding multiple pages with target (kb): 0
[32056:54936:0329/191959.251:WARNING:page_discarding_helper.cc(138)] Discarding multiple pages with target (kb): 0
[32056:54936:0329/192004.251:WARNING:page_discarding_helper.cc(138)] Discarding multiple pages with target (kb): 0
[32056:54936:0329/231537.704:ERROR:device_event_log_impl.cc(196)] [23:15:37.406] USB: usb_service_win.cc:105 SetupDiGetDeviceProperty({{A45C254E-DF1C-4EFD-8020-67D146A850E0}, 6}) failed: Element not found. (0x490)
[32056:54936:0330/104255.928:ERROR:device_event_log_impl.cc(196)] [10:42:55.621] USB: usb_service_win.cc:105 SetupDiGetDeviceProperty({{A45C254E-DF1C-4EFD-8020-67D146A850E0}, 6}) failed: Element not found. (0x490)
[32056:54936:0330/104257.663:ERROR:device_event_log_impl.cc(196)] [10:42:57.427] USB: usb_service_win.cc:105 SetupDiGetDeviceProperty({{A45C254E-DF1C-4EFD-8020-67D146A850E0}, 6}) failed: Element not found. (0x490)
[32056:54936:0330/105243.031:WARNING:page_discarding_helper.cc(138)] Discarding multiple pages with target (kb): 0
[32056:54936:0330/112617.788:ERROR:device_event_log_impl.cc(196)] [11:26:17.559] USB: usb_service_win.cc:105 SetupDiGetDeviceProperty({{A45C254E-DF1C-4EFD-8020-67D146A850E0}, 6}) failed: Element not found. (0x490)
[32056:54936:0330/115050.526:WARNING:page_discarding_helper.cc(138)] Discarding multiple pages with target (kb): 0
[56464:43908:0401/121729.603:ERROR:angle_platform_impl.cc(44)] Renderer11.cpp:2280 (virtual rx::Renderer11::testDeviceLost): The D3D11 device was removed, HRESULT: 0x887A0005
[56464:43908:0401/121729.607:ERROR:shared_context_state.cc(1244)] SharedContextState context lost via ARB/EXT_robustness. Reset status = GL_UNKNOWN_CONTEXT_RESET_KHR
[56464:43908:0401/121729.609:ERROR:gpu_service_impl.cc(1164)] Exiting GPU process because some drivers can't recover from errors. GPU process will restart shortly.
[49344:19528:0401/121729.930:VERBOSE1:frame_impl.cc(620)] frame 6-0280582B24596282D50A98F160908BAF disconnected (reason=BROWSER_FRAME_DISCONNECT, current_state=CONNECTION_ACKED)
[49344:19528:0401/121729.931:VERBOSE1:frame_impl.cc(633)] frame 6-0280582B24596282D50A98F160908BAF connection retry scheduled
[49344:19528:0401/121729.931:VERBOSE1:frame_impl.cc(620)] frame 6-C78B08C74408A9589A7BB1C73D5152E8 disconnected (reason=BROWSER_FRAME_DISCONNECT, current_state=CONNECTION_ACKED)
[49344:19528:0401/121729.931:VERBOSE1:frame_impl.cc(633)] frame 6-C78B08C74408A9589A7BB1C73D5152E8 connection retry scheduled
